{"/home/raheem/develop/namaste-reactjs/src/components/Header.js": {"path":"/home/raheem/develop/namaste-reactjs/src/components/Header.js","statementMap":{"0":{"start":{"line":5,"column":15},"end":{"line":55,"column":1}},"1":{"start":{"line":6,"column":26},"end":{"line":6,"column":43}},"2":{"start":{"line":7,"column":16},"end":{"line":7,"column":70}},"3":{"start":{"line":7,"column":39},"end":{"line":7,"column":55}},"4":{"start":{"line":8,"column":19},"end":{"line":10,"column":7}},"5":{"start":{"line":9,"column":4},"end":{"line":9,"column":29}},"6":{"start":{"line":11,"column":20},"end":{"line":11,"column":33}},"7":{"start":{"line":13,"column":4},"end":{"line":17,"column":5}},"8":{"start":{"line":14,"column":6},"end":{"line":14,"column":24}},"9":{"start":{"line":16,"column":6},"end":{"line":16,"column":23}},"10":{"start":{"line":19,"column":2},"end":{"line":54,"column":4}},"11":{"start":{"line":26,"column":42},"end":{"line":26,"column":66}},"12":{"start":{"line":44,"column":42},"end":{"line":44,"column":66}}},"fnMap":{"0":{"name":"(anonymous_0)","decl":{"start":{"line":5,"column":15},"end":{"line":5,"column":16}},"loc":{"start":{"line":5,"column":21},"end":{"line":55,"column":1}},"line":5},"1":{"name":"(anonymous_1)","decl":{"start":{"line":7,"column":28},"end":{"line":7,"column":29}},"loc":{"start":{"line":7,"column":39},"end":{"line":7,"column":55}},"line":7},"2":{"name":"(anonymous_2)","decl":{"start":{"line":8,"column":32},"end":{"line":8,"column":33}},"loc":{"start":{"line":8,"column":45},"end":{"line":10,"column":3}},"line":8},"3":{"name":"LoginHandler","decl":{"start":{"line":12,"column":11},"end":{"line":12,"column":23}},"loc":{"start":{"line":12,"column":26},"end":{"line":18,"column":3}},"line":12},"4":{"name":"(anonymous_4)","decl":{"start":{"line":26,"column":23},"end":{"line":26,"column":24}},"loc":{"start":{"line":26,"column":42},"end":{"line":26,"column":66}},"line":26},"5":{"name":"(anonymous_5)","decl":{"start":{"line":44,"column":23},"end":{"line":44,"column":24}},"loc":{"start":{"line":44,"column":42},"end":{"line":44,"column":66}},"line":44}},"branchMap":{"0":{"loc":{"start":{"line":13,"column":4},"end":{"line":17,"column":5}},"type":"if","locations":[{"start":{"line":13,"column":4},"end":{"line":17,"column":5}},{"start":{"line":15,"column":11},"end":{"line":17,"column":5}}],"line":13},"1":{"loc":{"start":{"line":26,"column":42},"end":{"line":26,"column":66}},"type":"cond-expr","locations":[{"start":{"line":26,"column":53},"end":{"line":26,"column":61}},{"start":{"line":26,"column":64},"end":{"line":26,"column":66}}],"line":26},"2":{"loc":{"start":{"line":32,"column":23},"end":{"line":32,"column":72}},"type":"cond-expr","locations":[{"start":{"line":32,"column":59},"end":{"line":32,"column":67}},{"start":{"line":32,"column":70},"end":{"line":32,"column":72}}],"line":32},"3":{"loc":{"start":{"line":38,"column":23},"end":{"line":38,"column":69}},"type":"cond-expr","locations":[{"start":{"line":38,"column":56},"end":{"line":38,"column":64}},{"start":{"line":38,"column":67},"end":{"line":38,"column":69}}],"line":38},"4":{"loc":{"start":{"line":44,"column":42},"end":{"line":44,"column":66}},"type":"cond-expr","locations":[{"start":{"line":44,"column":53},"end":{"line":44,"column":61}},{"start":{"line":44,"column":64},"end":{"line":44,"column":66}}],"line":44}},"s":{"0":1,"1":3,"2":3,"3":5,"4":3,"5":0,"6":3,"7":1,"8":1,"9":0,"10":3,"11":3,"12":3},"f":{"0":3,"1":5,"2":0,"3":1,"4":3,"5":3},"b":{"0":[1,0],"1":[3,0],"2":[0,3],"3":[0,3],"4":[0,3]},"_coverageSchema":"1a1c01bbd47fc00a2c39e90264f33305004495a9","hash":"3b45977e7b850dd543ae590b32e6c4208d92657e"}
,"/home/raheem/develop/namaste-reactjs/src/components/ResturentCard.js": {"path":"/home/raheem/develop/namaste-reactjs/src/components/ResturentCard.js","statementMap":{"0":{"start":{"line":4,"column":2},"end":{"line":4,"column":29}},"1":{"start":{"line":5,"column":2},"end":{"line":21,"column":4}},"2":{"start":{"line":25,"column":31},"end":{"line":37,"column":1}},"3":{"start":{"line":26,"column":2},"end":{"line":36,"column":4}},"4":{"start":{"line":27,"column":4},"end":{"line":35,"column":6}}},"fnMap":{"0":{"name":"ResturanCard","decl":{"start":{"line":3,"column":9},"end":{"line":3,"column":21}},"loc":{"start":{"line":3,"column":32},"end":{"line":22,"column":1}},"line":3},"1":{"name":"(anonymous_1)","decl":{"start":{"line":25,"column":31},"end":{"line":25,"column":32}},"loc":{"start":{"line":25,"column":49},"end":{"line":37,"column":1}},"line":25},"2":{"name":"(anonymous_2)","decl":{"start":{"line":26,"column":9},"end":{"line":26,"column":10}},"loc":{"start":{"line":26,"column":20},"end":{"line":36,"column":3}},"line":26}},"branchMap":{},"s":{"0":1,"1":1,"2":1,"3":0,"4":0},"f":{"0":1,"1":0,"2":0},"b":{},"_coverageSchema":"1a1c01bbd47fc00a2c39e90264f33305004495a9","hash":"b47ffb30818e27bda8d669cd55a1f2fa9a97c725"}
,"/home/raheem/develop/namaste-reactjs/src/components/contact.js": {"path":"/home/raheem/develop/namaste-reactjs/src/components/contact.js","statementMap":{"0":{"start":{"line":4,"column":2},"end":{"line":13,"column":4}}},"fnMap":{"0":{"name":"Contact","decl":{"start":{"line":3,"column":9},"end":{"line":3,"column":16}},"loc":{"start":{"line":3,"column":19},"end":{"line":14,"column":1}},"line":3}},"branchMap":{},"s":{"0":3},"f":{"0":3},"b":{},"_coverageSchema":"1a1c01bbd47fc00a2c39e90264f33305004495a9","hash":"2ad41b71c5a56b5289d9681932b321970e3157cd"}
,"/home/raheem/develop/namaste-reactjs/src/components/sum.js": {"path":"/home/raheem/develop/namaste-reactjs/src/components/sum.js","statementMap":{"0":{"start":{"line":2,"column":2},"end":{"line":2,"column":15}}},"fnMap":{"0":{"name":"sum","decl":{"start":{"line":1,"column":9},"end":{"line":1,"column":12}},"loc":{"start":{"line":1,"column":19},"end":{"line":3,"column":1}},"line":1}},"branchMap":{},"s":{"0":1},"f":{"0":1},"b":{},"_coverageSchema":"1a1c01bbd47fc00a2c39e90264f33305004495a9","hash":"2fa5ee55a66002fe5f37dd09306609df34e6290c"}
,"/home/raheem/develop/namaste-reactjs/src/utils/constant.js": {"path":"/home/raheem/develop/namaste-reactjs/src/utils/constant.js","statementMap":{"0":{"start":{"line":5,"column":2},"end":{"line":5,"column":88}},"1":{"start":{"line":8,"column":17},"end":{"line":8,"column":108}},"2":{"start":{"line":10,"column":28},"end":{"line":10,"column":124}},"3":{"start":{"line":16,"column":2},"end":{"line":16,"column":174}}},"fnMap":{},"branchMap":{},"s":{"0":2,"1":2,"2":2,"3":2},"f":{},"b":{},"_coverageSchema":"1a1c01bbd47fc00a2c39e90264f33305004495a9","hash":"2218b888cb7ff4d266f55eb73a2523576804a5c7"}
,"/home/raheem/develop/namaste-reactjs/src/utils/store/appStore.js": {"path":"/home/raheem/develop/namaste-reactjs/src/utils/store/appStore.js","statementMap":{"0":{"start":{"line":3,"column":17},"end":{"line":7,"column":2}}},"fnMap":{},"branchMap":{},"s":{"0":1},"f":{},"b":{},"_coverageSchema":"1a1c01bbd47fc00a2c39e90264f33305004495a9","hash":"f17615d203707318e6ebce7e3395a78688c7a3aa"}
,"/home/raheem/develop/namaste-reactjs/src/utils/store/cartSlice.js": {"path":"/home/raheem/develop/namaste-reactjs/src/utils/store/cartSlice.js","statementMap":{"0":{"start":{"line":3,"column":18},"end":{"line":41,"column":2}},"1":{"start":{"line":11,"column":28},"end":{"line":13,"column":7}},"2":{"start":{"line":12,"column":18},"end":{"line":12,"column":53}},"3":{"start":{"line":15,"column":6},"end":{"line":23,"column":7}},"4":{"start":{"line":16,"column":8},"end":{"line":16,"column":49}},"5":{"start":{"line":18,"column":28},"end":{"line":21,"column":9}},"6":{"start":{"line":22,"column":8},"end":{"line":22,"column":38}},"7":{"start":{"line":26,"column":6},"end":{"line":33,"column":9}},"8":{"start":{"line":27,"column":8},"end":{"line":32,"column":10}},"9":{"start":{"line":30,"column":26},"end":{"line":30,"column":66}},"10":{"start":{"line":34,"column":6},"end":{"line":34,"column":76}},"11":{"start":{"line":34,"column":49},"end":{"line":34,"column":74}},"12":{"start":{"line":37,"column":6},"end":{"line":37,"column":29}},"13":{"start":{"line":42,"column":50},"end":{"line":42,"column":67}}},"fnMap":{"0":{"name":"(anonymous_0)","decl":{"start":{"line":9,"column":13},"end":{"line":9,"column":14}},"loc":{"start":{"line":9,"column":32},"end":{"line":24,"column":5}},"line":9},"1":{"name":"(anonymous_1)","decl":{"start":{"line":12,"column":8},"end":{"line":12,"column":9}},"loc":{"start":{"line":12,"column":18},"end":{"line":12,"column":53}},"line":12},"2":{"name":"(anonymous_2)","decl":{"start":{"line":25,"column":16},"end":{"line":25,"column":17}},"loc":{"start":{"line":25,"column":35},"end":{"line":35,"column":5}},"line":25},"3":{"name":"(anonymous_3)","decl":{"start":{"line":26,"column":36},"end":{"line":26,"column":37}},"loc":{"start":{"line":26,"column":46},"end":{"line":33,"column":7}},"line":26},"4":{"name":"(anonymous_4)","decl":{"start":{"line":30,"column":12},"end":{"line":30,"column":13}},"loc":{"start":{"line":30,"column":26},"end":{"line":30,"column":66}},"line":30},"5":{"name":"(anonymous_5)","decl":{"start":{"line":34,"column":39},"end":{"line":34,"column":40}},"loc":{"start":{"line":34,"column":49},"end":{"line":34,"column":74}},"line":34},"6":{"name":"(anonymous_6)","decl":{"start":{"line":36,"column":15},"end":{"line":36,"column":16}},"loc":{"start":{"line":36,"column":26},"end":{"line":39,"column":5}},"line":36}},"branchMap":{"0":{"loc":{"start":{"line":15,"column":6},"end":{"line":23,"column":7}},"type":"if","locations":[{"start":{"line":15,"column":6},"end":{"line":23,"column":7}},{"start":{"line":17,"column":13},"end":{"line":23,"column":7}}],"line":15}},"s":{"0":1,"1":0,"2":0,"3":0,"4":0,"5":0,"6":0,"7":0,"8":0,"9":0,"10":0,"11":0,"12":0,"13":1},"f":{"0":0,"1":0,"2":0,"3":0,"4":0,"5":0,"6":0},"b":{"0":[0,0]},"_coverageSchema":"1a1c01bbd47fc00a2c39e90264f33305004495a9","hash":"db4d85f19304761e469af52cbd88752e9fab18e0"}
}
