TN:
SF:src/components/Header.js
FN:5,(anonymous_0)
FN:7,(anonymous_1)
FN:8,(anonymous_2)
FN:12,LoginHandler
FN:26,(anonymous_4)
FN:44,(anonymous_5)
FNF:6
FNH:5
FNDA:3,(anonymous_0)
FNDA:5,(anonymous_1)
FNDA:0,(anonymous_2)
FNDA:1,LoginHandler
FNDA:3,(anonymous_4)
FNDA:3,(anonymous_5)
DA:5,1
DA:6,3
DA:7,5
DA:8,3
DA:9,0
DA:11,3
DA:13,1
DA:14,1
DA:16,0
DA:19,3
DA:26,3
DA:44,3
LF:12
LH:10
BRDA:13,0,0,1
BRDA:13,0,1,0
BRDA:26,1,0,3
BRDA:26,1,1,0
BRDA:32,2,0,0
BRDA:32,2,1,3
BRDA:38,3,0,0
BRDA:38,3,1,3
BRDA:44,4,0,0
BRDA:44,4,1,3
BRF:10
BRH:5
end_of_record
TN:
SF:src/components/ResturentCard.js
FN:3,ResturanCard
FN:25,(anonymous_1)
FN:26,(anonymous_2)
FNF:3
FNH:1
FNDA:1,ResturanCard
FNDA:0,(anonymous_1)
FNDA:0,(anonymous_2)
DA:4,1
DA:5,1
DA:25,1
DA:26,0
DA:27,0
LF:5
LH:3
BRF:0
BRH:0
end_of_record
TN:
SF:src/components/contact.js
FN:3,Contact
FNF:1
FNH:1
FNDA:3,Contact
DA:4,3
LF:1
LH:1
BRF:0
BRH:0
end_of_record
TN:
SF:src/components/sum.js
FN:1,sum
FNF:1
FNH:1
FNDA:1,sum
DA:2,1
LF:1
LH:1
BRF:0
BRH:0
end_of_record
TN:
SF:src/utils/constant.js
FNF:0
FNH:0
DA:5,2
DA:8,2
DA:10,2
DA:16,2
LF:4
LH:4
BRF:0
BRH:0
end_of_record
TN:
SF:src/utils/store/appStore.js
FNF:0
FNH:0
DA:3,1
LF:1
LH:1
BRF:0
BRH:0
end_of_record
TN:
SF:src/utils/store/cartSlice.js
FN:9,(anonymous_0)
FN:12,(anonymous_1)
FN:25,(anonymous_2)
FN:26,(anonymous_3)
FN:30,(anonymous_4)
FN:34,(anonymous_5)
FN:36,(anonymous_6)
FNF:7
FNH:0
FNDA:0,(anonymous_0)
FNDA:0,(anonymous_1)
FNDA:0,(anonymous_2)
FNDA:0,(anonymous_3)
FNDA:0,(anonymous_4)
FNDA:0,(anonymous_5)
FNDA:0,(anonymous_6)
DA:3,1
DA:11,0
DA:12,0
DA:15,0
DA:16,0
DA:18,0
DA:22,0
DA:26,0
DA:27,0
DA:30,0
DA:34,0
DA:37,0
DA:42,1
LF:13
LH:2
BRDA:15,0,0,0
BRDA:15,0,1,0
BRF:2
BRH:0
end_of_record
